16/02/2024 13:43:03
GlazeWM.Infrastructure.Exceptions.FatalUserException: Failed to parse user config. (Line: 24, Col: 29, Idx: 895) - (Line: 24, Col: 31, Idx: 897): While parsing a block mapping, did not find expected key.
   at GlazeWM.Domain.UserConfigs.CommandHandlers.EvaluateUserConfigHandler.DeserializeUserConfig(String userConfigPath) in D:\a\glazewm\glazewm\GlazeWM.Domain\UserConfigs\CommandHandlers\EvaluateUserConfigHandler.cs:line 109
   at GlazeWM.Domain.UserConfigs.CommandHandlers.EvaluateUserConfigHandler.Handle(EvaluateUserConfigCommand command) in D:\a\glazewm\glazewm\GlazeWM.Domain\UserConfigs\CommandHandlers\EvaluateUserConfigHandler.cs:line 49
   at GlazeWM.Infrastructure.Bussing.Bus.Invoke[T](T command) in D:\a\glazewm\glazewm\GlazeWM.Infrastructure\Bussing\Bus.cs:line 48
   at GlazeWM.Domain.UserConfigs.CommandHandlers.ReloadUserConfigHandler.Handle(ReloadUserConfigCommand command) in D:\a\glazewm\glazewm\GlazeWM.Domain\UserConfigs\CommandHandlers\ReloadUserConfigHandler.cs:line 35
   at GlazeWM.Infrastructure.Bussing.Bus.Invoke[T](T command) in D:\a\glazewm\glazewm\GlazeWM.Infrastructure\Bussing\Bus.cs:line 48
   at CallSite.Target(Closure, CallSite, Bus, Object)
   at System.Dynamic.UpdateDelegates.UpdateAndExecuteVoid2[T0,T1](CallSite site, T0 arg0, T1 arg1)
   at GlazeWM.Domain.UserConfigs.CommandHandlers.RunWithSubjectContainerHandler.Handle(RunWithSubjectContainerCommand command) in D:\a\glazewm\glazewm\GlazeWM.Domain\UserConfigs\CommandHandlers\RunWithSubjectContainerHandler.cs:line 28
   at GlazeWM.Infrastructure.Bussing.Bus.Invoke[T](T command) in D:\a\glazewm\glazewm\GlazeWM.Infrastructure\Bussing\Bus.cs:line 48
   at GlazeWM.Domain.UserConfigs.CommandHandlers.RegisterKeybindingsHandler.<>c__DisplayClass4_0.<Handle>b__1() in D:\a\glazewm\glazewm\GlazeWM.Domain\UserConfigs\CommandHandlers\RegisterKeybindingsHandler.cs:line 63
Command history: HandleFatalExceptionCommand, EvaluateUserConfigCommand, ReloadUserConfigCommand, RunWithSubjectContainerCommand, SyncNativeFocusCommand, RedrawContainersCommand, SetFocusedDescendantCommand, AttachContainerCommand, DetachContainerCommand, MoveContainerWithinTreeCommand, MoveWindowCommand, RunWithSubjectContainerCommand, SetActiveWindowBorderCommand, SyncNativeFocusCommand, RedrawContainersCommand 
State dump: {"id":"562f2488-2131-470c-aaac-00ec2ef8921e","x":0,"y":0,"width":0,"height":0,"type":"root","focus_index":0,"children":[{"device_name":"\\\\.\\DISPLAY1","id":"36a0ae56-9bc3-49be-a015-339e041c9a9f","x":7680,"y":969,"width":1920,"height":1200,"type":"monitor","focus_index":2,"children":[{"tiling_direction":"horizontal","size_percentage":1,"name":"1","id":"c23e423d-4ad4-4341-841b-e260f9c81434","x":7700,"y":1019,"width":1880,"height":1130,"type":"workspace","focus_index":0,"children":[{"floating_placement":{"left":7693,"top":1016,"right":9587,"bottom":2153,"x":7693,"y":1016,"width":1894,"height":1137},"border_delta":{"left":7,"top":0,"right":7,"bottom":7},"handle":329376,"size_percentage":1,"id":"70579e5a-1469-4bfd-aeb9-12b30fb0aff1","x":7700,"y":1019,"width":1880,"height":1130,"type":"window","focus_index":0,"children":[]}]}]},{"device_name":"\\\\.\\DISPLAY2","id":"7f6397ba-5763-44b5-8e75-64c67aac1b5b","x":0,"y":0,"width":3840,"height":2160,"type":"monitor","focus_index":1,"children":[{"tiling_direction":"horizontal","size_percentage":1,"name":"2","id":"da9a93ed-c1da-4510-b2c2-21950f4001d4","x":20,"y":50,"width":3800,"height":2090,"type":"workspace","focus_index":0,"children":[{"floating_placement":{"left":13,"top":47,"right":3827,"bottom":2144,"x":13,"y":47,"width":3814,"height":2097},"border_delta":{"left":7,"top":0,"right":7,"bottom":7},"handle":329340,"size_percentage":1,"id":"1655995c-6745-4100-9097-90d2fc3367e9","x":20,"y":50,"width":3800,"height":2090,"type":"window","focus_index":0,"children":[]}]}]},{"device_name":"\\\\.\\DISPLAY3","id":"4b524116-2051-43d8-a2c8-2e2fb914c81f","x":3840,"y":2,"width":3840,"height":2160,"type":"monitor","focus_index":0,"children":[{"tiling_direction":"horizontal","size_percentage":1,"name":"9","id":"11bca118-a270-40e4-be0e-9e9f6efdd367","x":3860,"y":52,"width":3800,"height":2090,"type":"workspace","focus_index":1,"children":[{"floating_placement":{"left":3860,"top":52,"right":7660,"bottom":2142,"x":3860,"y":52,"width":3800,"height":2090},"border_delta":{"left":0,"top":0,"right":0,"bottom":0},"handle":67352,"size_percentage":1,"id":"9a63d76a-8c3c-4cec-be9f-07598d36b119","x":3860,"y":52,"width":3800,"height":2090,"type":"window","focus_index":0,"children":[]}]},{"tiling_direction":"horizontal","size_percentage":0,"name":"3","id":"4ee462f1-ffa0-4edf-a05c-c037ecc4ffb1","x":3860,"y":52,"width":3800,"height":2090,"type":"workspace","focus_index":0,"children":[{"floating_placement":{"left":3860,"top":52,"right":7660,"bottom":2142,"x":3860,"y":52,"width":3800,"height":2090},"border_delta":{"left":0,"top":0,"right":0,"bottom":0},"handle":198992,"size_percentage":1,"id":"b2b7ac30-9504-4009-a656-5db0f4b4353f","x":3860,"y":52,"width":3800,"height":2090,"type":"window","focus_index":0,"children":[]}]}]}]}

16/02/2024 13:43:42
GlazeWM.Infrastructure.Exceptions.FatalUserException: Failed to parse user config. (Line: 24, Col: 29, Idx: 895) - (Line: 24, Col: 31, Idx: 897): While parsing a block mapping, did not find expected key.
   at GlazeWM.Domain.UserConfigs.CommandHandlers.EvaluateUserConfigHandler.DeserializeUserConfig(String userConfigPath) in D:\a\glazewm\glazewm\GlazeWM.Domain\UserConfigs\CommandHandlers\EvaluateUserConfigHandler.cs:line 109
   at GlazeWM.Domain.UserConfigs.CommandHandlers.EvaluateUserConfigHandler.Handle(EvaluateUserConfigCommand command) in D:\a\glazewm\glazewm\GlazeWM.Domain\UserConfigs\CommandHandlers\EvaluateUserConfigHandler.cs:line 49
   at GlazeWM.Infrastructure.Bussing.Bus.Invoke[T](T command) in D:\a\glazewm\glazewm\GlazeWM.Infrastructure\Bussing\Bus.cs:line 41
   at GlazeWM.Domain.Common.CommandHandlers.PopulateInitialStateHandler.Handle(PopulateInitialStateCommand command) in D:\a\glazewm\glazewm\GlazeWM.Domain\Common\CommandHandlers\PopulateInitialStateHandler.cs:line 41
   at GlazeWM.Infrastructure.Bussing.Bus.Invoke[T](T command) in D:\a\glazewm\glazewm\GlazeWM.Infrastructure\Bussing\Bus.cs:line 41
   at GlazeWM.App.WindowManager.WmStartup.Run()
Command history: HandleFatalExceptionCommand, EvaluateUserConfigCommand, PopulateInitialStateCommand 
State dump: {"id":"d18d2f84-e43f-4689-90e0-0af7e123d602","x":0,"y":0,"width":0,"height":0,"type":"root","focus_index":0,"children":[]}

16/02/2024 13:44:06
GlazeWM.Infrastructure.Exceptions.FatalUserException: Failed to parse user config. (Line: 24, Col: 29, Idx: 895) - (Line: 24, Col: 31, Idx: 897): While parsing a block mapping, did not find expected key.
   at GlazeWM.Domain.UserConfigs.CommandHandlers.EvaluateUserConfigHandler.DeserializeUserConfig(String userConfigPath) in D:\a\glazewm\glazewm\GlazeWM.Domain\UserConfigs\CommandHandlers\EvaluateUserConfigHandler.cs:line 109
   at GlazeWM.Domain.UserConfigs.CommandHandlers.EvaluateUserConfigHandler.Handle(EvaluateUserConfigCommand command) in D:\a\glazewm\glazewm\GlazeWM.Domain\UserConfigs\CommandHandlers\EvaluateUserConfigHandler.cs:line 49
   at GlazeWM.Infrastructure.Bussing.Bus.Invoke[T](T command) in D:\a\glazewm\glazewm\GlazeWM.Infrastructure\Bussing\Bus.cs:line 41
   at GlazeWM.Domain.Common.CommandHandlers.PopulateInitialStateHandler.Handle(PopulateInitialStateCommand command) in D:\a\glazewm\glazewm\GlazeWM.Domain\Common\CommandHandlers\PopulateInitialStateHandler.cs:line 41
   at GlazeWM.Infrastructure.Bussing.Bus.Invoke[T](T command) in D:\a\glazewm\glazewm\GlazeWM.Infrastructure\Bussing\Bus.cs:line 41
   at GlazeWM.App.WindowManager.WmStartup.Run()
Command history: HandleFatalExceptionCommand, EvaluateUserConfigCommand, PopulateInitialStateCommand 
State dump: {"id":"e0c43bb7-7c90-46ed-9031-f0fb1a207aec","x":0,"y":0,"width":0,"height":0,"type":"root","focus_index":0,"children":[]}

19/02/2024 01:34:18
GlazeWM.Infrastructure.Exceptions.FatalUserException: Failed to parse user config. Invalid component type 'system stats'.
   at GlazeWM.Domain.UserConfigs.CommandHandlers.EvaluateUserConfigHandler.DeserializeUserConfig(String userConfigPath) in D:\a\glazewm\glazewm\GlazeWM.Domain\UserConfigs\CommandHandlers\EvaluateUserConfigHandler.cs:line 109
   at GlazeWM.Domain.UserConfigs.CommandHandlers.EvaluateUserConfigHandler.Handle(EvaluateUserConfigCommand command) in D:\a\glazewm\glazewm\GlazeWM.Domain\UserConfigs\CommandHandlers\EvaluateUserConfigHandler.cs:line 49
   at GlazeWM.Infrastructure.Bussing.Bus.Invoke[T](T command) in D:\a\glazewm\glazewm\GlazeWM.Infrastructure\Bussing\Bus.cs:line 48
   at GlazeWM.Domain.UserConfigs.CommandHandlers.ReloadUserConfigHandler.Handle(ReloadUserConfigCommand command) in D:\a\glazewm\glazewm\GlazeWM.Domain\UserConfigs\CommandHandlers\ReloadUserConfigHandler.cs:line 35
   at GlazeWM.Infrastructure.Bussing.Bus.Invoke[T](T command) in D:\a\glazewm\glazewm\GlazeWM.Infrastructure\Bussing\Bus.cs:line 48
   at CallSite.Target(Closure, CallSite, Bus, Object)
   at System.Dynamic.UpdateDelegates.UpdateAndExecuteVoid2[T0,T1](CallSite site, T0 arg0, T1 arg1)
   at GlazeWM.Domain.UserConfigs.CommandHandlers.RunWithSubjectContainerHandler.Handle(RunWithSubjectContainerCommand command) in D:\a\glazewm\glazewm\GlazeWM.Domain\UserConfigs\CommandHandlers\RunWithSubjectContainerHandler.cs:line 28
   at GlazeWM.Infrastructure.Bussing.Bus.Invoke[T](T command) in D:\a\glazewm\glazewm\GlazeWM.Infrastructure\Bussing\Bus.cs:line 48
   at GlazeWM.Domain.UserConfigs.CommandHandlers.RegisterKeybindingsHandler.<>c__DisplayClass4_0.<Handle>b__1() in D:\a\glazewm\glazewm\GlazeWM.Domain\UserConfigs\CommandHandlers\RegisterKeybindingsHandler.cs:line 63
Command history: HandleFatalExceptionCommand, EvaluateUserConfigCommand, ReloadUserConfigCommand, RunWithSubjectContainerCommand, FocusContainerUnderCursorCommand, FocusContainerUnderCursorCommand, FocusContainerUnderCursorCommand, FocusContainerUnderCursorCommand, FocusContainerUnderCursorCommand, FocusContainerUnderCursorCommand, FocusContainerUnderCursorCommand, FocusContainerUnderCursorCommand, FocusContainerUnderCursorCommand, FocusContainerUnderCursorCommand, FocusContainerUnderCursorCommand 
State dump: {"id":"54f6c92a-5750-4e4f-ae5d-cfcd41d91cc6","x":0,"y":0,"width":0,"height":0,"type":"root","focus_index":0,"children":[{"device_name":"\\\\.\\DISPLAY1","id":"1503e7bc-7b32-4443-8248-fa6a76f4c981","x":0,"y":0,"width":1920,"height":1200,"type":"monitor","focus_index":0,"children":[{"tiling_direction":"horizontal","size_percentage":1,"name":"1","id":"b28bdc2e-ed8d-4782-8ee9-ad64a458a268","x":10,"y":50,"width":1900,"height":1140,"type":"workspace","focus_index":0,"children":[{"tiling_direction":"vertical","size_percentage":0.5,"id":"4a4c3d69-f524-42ba-bef7-3664061b8502","x":10,"y":50,"width":945,"height":1140,"type":"split","focus_index":1,"children":[{"floating_placement":{"left":13,"top":47,"right":1907,"bottom":1184,"x":13,"y":47,"width":1894,"height":1137},"border_delta":{"left":7,"top":0,"right":7,"bottom":7},"handle":459220,"size_percentage":1,"id":"8fd6db1d-edb9-4d69-b859-82c1ceefb4da","x":10,"y":50,"width":945,"height":1140,"type":"window","focus_index":0,"children":[]},{"floating_placement":{"left":960,"top":620,"right":960,"bottom":620,"x":960,"y":620,"width":0,"height":0},"border_delta":{"left":7,"top":0,"right":7,"bottom":7},"handle":1771404,"previous_state":"floating","id":"395a5d66-11b0-4cf7-8d4c-6500e549a3a5","x":0,"y":0,"width":0,"height":0,"type":"window","focus_index":1,"children":[]}]},{"floating_placement":{"left":650,"top":50,"right":1270,"bottom":1180,"x":650,"y":50,"width":620,"height":1130},"border_delta":{"left":0,"top":0,"right":0,"bottom":0},"handle":786884,"size_percentage":0.5,"id":"321a7f8a-0169-4f72-8957-e284db9b8486","x":965,"y":50,"width":945,"height":1140,"type":"window","focus_index":0,"children":[]},{"floating_placement":{"left":761,"top":545,"right":1159,"bottom":696,"x":761,"y":545,"width":398,"height":151},"border_delta":{"left":7,"top":0,"right":7,"bottom":7},"handle":657404,"id":"d4e275ec-33f9-42d5-8c33-1d64c01bcc89","x":761,"y":545,"width":398,"height":151,"type":"window","focus_index":2,"children":[]},{"floating_placement":{"left":396,"top":303,"right":1525,"bottom":938,"x":396,"y":303,"width":1129,"height":635},"border_delta":{"left":7,"top":0,"right":7,"bottom":7},"handle":1050526,"previous_state":"tiling","id":"d5a911c9-c4dd-4ada-8a46-ba78e28977b8","x":0,"y":0,"width":0,"height":0,"type":"window","focus_index":3,"children":[]}]}]}]}

19/02/2024 01:34:40
GlazeWM.Infrastructure.Exceptions.FatalUserException: Failed to parse user config. Invalid component type 'system stats'.
   at GlazeWM.Domain.UserConfigs.CommandHandlers.EvaluateUserConfigHandler.DeserializeUserConfig(String userConfigPath) in D:\a\glazewm\glazewm\GlazeWM.Domain\UserConfigs\CommandHandlers\EvaluateUserConfigHandler.cs:line 109
   at GlazeWM.Domain.UserConfigs.CommandHandlers.EvaluateUserConfigHandler.Handle(EvaluateUserConfigCommand command) in D:\a\glazewm\glazewm\GlazeWM.Domain\UserConfigs\CommandHandlers\EvaluateUserConfigHandler.cs:line 49
   at GlazeWM.Infrastructure.Bussing.Bus.Invoke[T](T command) in D:\a\glazewm\glazewm\GlazeWM.Infrastructure\Bussing\Bus.cs:line 41
   at GlazeWM.Domain.Common.CommandHandlers.PopulateInitialStateHandler.Handle(PopulateInitialStateCommand command) in D:\a\glazewm\glazewm\GlazeWM.Domain\Common\CommandHandlers\PopulateInitialStateHandler.cs:line 41
   at GlazeWM.Infrastructure.Bussing.Bus.Invoke[T](T command) in D:\a\glazewm\glazewm\GlazeWM.Infrastructure\Bussing\Bus.cs:line 41
   at GlazeWM.App.WindowManager.WmStartup.Run()
Command history: HandleFatalExceptionCommand, EvaluateUserConfigCommand, PopulateInitialStateCommand 
State dump: {"id":"672f96d8-dd74-4421-b33a-d65c789c8598","x":0,"y":0,"width":0,"height":0,"type":"root","focus_index":0,"children":[]}

19/02/2024 01:34:48
GlazeWM.Infrastructure.Exceptions.FatalUserException: Failed to parse user config. Invalid component type 'media'.
   at GlazeWM.Domain.UserConfigs.CommandHandlers.EvaluateUserConfigHandler.DeserializeUserConfig(String userConfigPath) in D:\a\glazewm\glazewm\GlazeWM.Domain\UserConfigs\CommandHandlers\EvaluateUserConfigHandler.cs:line 109
   at GlazeWM.Domain.UserConfigs.CommandHandlers.EvaluateUserConfigHandler.Handle(EvaluateUserConfigCommand command) in D:\a\glazewm\glazewm\GlazeWM.Domain\UserConfigs\CommandHandlers\EvaluateUserConfigHandler.cs:line 49
   at GlazeWM.Infrastructure.Bussing.Bus.Invoke[T](T command) in D:\a\glazewm\glazewm\GlazeWM.Infrastructure\Bussing\Bus.cs:line 41
   at GlazeWM.Domain.Common.CommandHandlers.PopulateInitialStateHandler.Handle(PopulateInitialStateCommand command) in D:\a\glazewm\glazewm\GlazeWM.Domain\Common\CommandHandlers\PopulateInitialStateHandler.cs:line 41
   at GlazeWM.Infrastructure.Bussing.Bus.Invoke[T](T command) in D:\a\glazewm\glazewm\GlazeWM.Infrastructure\Bussing\Bus.cs:line 41
   at GlazeWM.App.WindowManager.WmStartup.Run()
Command history: HandleFatalExceptionCommand, EvaluateUserConfigCommand, PopulateInitialStateCommand 
State dump: {"id":"17678dee-1f54-40d1-a8ff-27a8c61d2b2b","x":0,"y":0,"width":0,"height":0,"type":"root","focus_index":0,"children":[]}

19/02/2024 01:34:56
GlazeWM.Infrastructure.Exceptions.FatalUserException: Failed to parse user config. Invalid component type 'media'.
   at GlazeWM.Domain.UserConfigs.CommandHandlers.EvaluateUserConfigHandler.DeserializeUserConfig(String userConfigPath) in D:\a\glazewm\glazewm\GlazeWM.Domain\UserConfigs\CommandHandlers\EvaluateUserConfigHandler.cs:line 109
   at GlazeWM.Domain.UserConfigs.CommandHandlers.EvaluateUserConfigHandler.Handle(EvaluateUserConfigCommand command) in D:\a\glazewm\glazewm\GlazeWM.Domain\UserConfigs\CommandHandlers\EvaluateUserConfigHandler.cs:line 49
   at GlazeWM.Infrastructure.Bussing.Bus.Invoke[T](T command) in D:\a\glazewm\glazewm\GlazeWM.Infrastructure\Bussing\Bus.cs:line 41
   at GlazeWM.Domain.Common.CommandHandlers.PopulateInitialStateHandler.Handle(PopulateInitialStateCommand command) in D:\a\glazewm\glazewm\GlazeWM.Domain\Common\CommandHandlers\PopulateInitialStateHandler.cs:line 41
   at GlazeWM.Infrastructure.Bussing.Bus.Invoke[T](T command) in D:\a\glazewm\glazewm\GlazeWM.Infrastructure\Bussing\Bus.cs:line 41
   at GlazeWM.App.WindowManager.WmStartup.Run()
Command history: HandleFatalExceptionCommand, EvaluateUserConfigCommand, PopulateInitialStateCommand 
State dump: {"id":"692fe54f-fdd4-4c34-bf11-cd67ca70bf5a","x":0,"y":0,"width":0,"height":0,"type":"root","focus_index":0,"children":[]}

